#
# There is insufficient memory for the Java Runtime Environment to continue.
# Native memory allocation (malloc) failed to allocate 868656 bytes for Chunk::new
# Possible reasons:
#   The system is out of physical RAM or swap space
#   The process is running with CompressedOops enabled, and the Java Heap may be blocking the growth of the native heap
# Possible solutions:
#   Reduce memory load on the system
#   Increase physical memory or swap space
#   Check if swap backing store is full
#   Decrease Java heap size (-Xmx/-Xms)
#   Decrease number of Java threads
#   Decrease Java thread stack sizes (-Xss)
#   Set larger code cache with -XX:ReservedCodeCacheSize=
#   JVM is running with Unscaled Compressed Oops mode in which the Java heap is
#     placed in the first 4GB address space. The Java Heap base address is the
#     maximum limit for the native heap growth. Please use -XX:HeapBaseMinAddress
#     to set the Java Heap base and to place the Java Heap above 4GB virtual address.
# This output file may be truncated or incomplete.
#
#  Out of Memory Error (./src/hotspot/share/memory/arena.cpp:197), pid=868, tid=8660
#
# JRE version: OpenJDK Runtime Environment (11.0.10) (build 11.0.10+0-b96-7249189)
# Java VM: OpenJDK 64-Bit Server VM (11.0.10+0-b96-7249189, mixed mode, tiered, compressed oops, g1 gc, windows-amd64)
# No core dump will be written. Minidumps are not enabled by default on client versions of Windows
#

---------------  S U M M A R Y ------------

Command Line: --add-opens=java.base/java.util=ALL-UNNAMED --add-opens=java.base/java.lang=ALL-UNNAMED --add-opens=java.base/java.lang.invoke=ALL-UNNAMED --add-opens=java.base/java.util=ALL-UNNAMED --add-opens=java.prefs/java.util.prefs=ALL-UNNAMED --add-opens=java.prefs/java.util.prefs=ALL-UNNAMED --add-opens=java.base/java.nio.charset=ALL-UNNAMED --add-opens=java.base/java.net=ALL-UNNAMED --add-opens=java.base/java.util.concurrent.atomic=ALL-UNNAMED -Xmx2048m -Dfile.encoding=UTF-8 -Duser.country=US -Duser.language=en -Duser.variant org.gradle.launcher.daemon.bootstrap.GradleDaemon 7.0.2

Host: 11th Gen Intel(R) Core(TM) i5-1135G7 @ 2.40GHz, 8 cores, 15G,  Windows 10 , 64 bit Build 19041 (10.0.19041.1466)
Time: Wed Jan 19 21:26:07 2022 SE Asia Standard Time elapsed time: 7.577745 seconds (0d 0h 0m 7s)

---------------  T H R E A D  ---------------

Current thread (0x000001705b887000):  JavaThread "C2 CompilerThread1" daemon [_thread_in_native, id=8660, stack(0x0000001c64400000,0x0000001c64500000)]


Current CompileTask:
C2:   7577 5206 % !   4       java.util.jar.Attributes::read @ 186 (390 bytes)

Stack: [0x0000001c64400000,0x0000001c64500000]
Native frames: (J=compiled Java code, j=interpreted, Vv=VM code, C=native code)
V  [jvm.dll+0x5ecfaa]
V  [jvm.dll+0x722bd5]
V  [jvm.dll+0x72412d]
V  [jvm.dll+0x7247e3]
V  [jvm.dll+0x242928]
V  [jvm.dll+0xbc4fc]
V  [jvm.dll+0xbca0c]
V  [jvm.dll+0x352d7d]
V  [jvm.dll+0x197e0c]
V  [jvm.dll+0x1fb70e]
V  [jvm.dll+0x1fa7f4]
V  [jvm.dll+0x18354c]
V  [jvm.dll+0x208ee7]
V  [jvm.dll+0x207731]
V  [jvm.dll+0x6eb1cf]
V  [jvm.dll+0x6e3d45]
V  [jvm.dll+0x5ebe96]
C  [ucrtbase.dll+0x21bb2]
C  [KERNEL32.DLL+0x17034]
C  [ntdll.dll+0x52651]


---------------  P R O C E S S  ---------------

Threads class SMR info:
_java_thread_list=0x000001705cf6dac0, length=50, elements={
0x000001703c789000, 0x000001705943f800, 0x0000017059449000, 0x000001705949c000,
0x000001705949f000, 0x00000170594a1000, 0x00000170594a3000, 0x00000170594a6000,
0x00000170594b1000, 0x0000017059620000, 0x000001705b4a3800, 0x000001705ad3d000,
0x000001705b6ef000, 0x000001705acab800, 0x000001705ad83000, 0x000001705accb800,
0x000001705c606800, 0x000001705c718000, 0x000001705a996000, 0x000001705b883000,
0x000001705b884800, 0x000001705b885800, 0x000001705b884000, 0x000001705b886000,
0x000001705b881800, 0x000001705b888000, 0x000001705b887000, 0x000001705b882000,
0x000001705d0a4800, 0x000001705d0a5800, 0x000001705d0a6800, 0x000001705d0a7000,
0x000001705d0a4000, 0x000001705d0aa800, 0x000001705d0ad000, 0x000001705d0ad800,
0x000001705d0a8000, 0x000001705d0ae800, 0x000001705d0af800, 0x000001705d0b2000,
0x000001705d0b0000, 0x000001705d0b1000, 0x0000017060541800, 0x0000017060542000,
0x0000017060544000, 0x0000017060540800, 0x0000017060543000, 0x0000017060544800,
0x0000017060545800, 0x000001706053f800
}

Java Threads: ( => current thread )
  0x000001703c789000 JavaThread "main" [_thread_blocked, id=7096, stack(0x0000001c61b00000,0x0000001c61c00000)]
  0x000001705943f800 JavaThread "Reference Handler" daemon [_thread_blocked, id=9516, stack(0x0000001c62200000,0x0000001c62300000)]
  0x0000017059449000 JavaThread "Finalizer" daemon [_thread_blocked, id=8324, stack(0x0000001c62300000,0x0000001c62400000)]
  0x000001705949c000 JavaThread "Signal Dispatcher" daemon [_thread_blocked, id=14068, stack(0x0000001c62400000,0x0000001c62500000)]
  0x000001705949f000 JavaThread "Attach Listener" daemon [_thread_blocked, id=12772, stack(0x0000001c62500000,0x0000001c62600000)]
  0x00000170594a1000 JavaThread "Service Thread" daemon [_thread_blocked, id=14200, stack(0x0000001c62600000,0x0000001c62700000)]
  0x00000170594a3000 JavaThread "C2 CompilerThread0" daemon [_thread_in_native, id=14912, stack(0x0000001c62700000,0x0000001c62800000)]
  0x00000170594a6000 JavaThread "C1 CompilerThread0" daemon [_thread_blocked, id=10576, stack(0x0000001c62800000,0x0000001c62900000)]
  0x00000170594b1000 JavaThread "Sweeper thread" daemon [_thread_blocked, id=6092, stack(0x0000001c62900000,0x0000001c62a00000)]
  0x0000017059620000 JavaThread "Common-Cleaner" daemon [_thread_blocked, id=2476, stack(0x0000001c62a00000,0x0000001c62b00000)]
  0x000001705b4a3800 JavaThread "Daemon health stats" [_thread_blocked, id=9524, stack(0x0000001c63300000,0x0000001c63400000)]
  0x000001705ad3d000 JavaThread "Incoming local TCP Connector on port 60654" [_thread_in_native, id=6740, stack(0x0000001c62c00000,0x0000001c62d00000)]
  0x000001705b6ef000 JavaThread "Daemon periodic checks" [_thread_blocked, id=2320, stack(0x0000001c63200000,0x0000001c63300000)]
  0x000001705acab800 JavaThread "Daemon" [_thread_blocked, id=11336, stack(0x0000001c63400000,0x0000001c63500000)]
  0x000001705ad83000 JavaThread "Handler for socket connection from /127.0.0.1:60654 to /127.0.0.1:60655" [_thread_in_native, id=8464, stack(0x0000001c63500000,0x0000001c63600000)]
  0x000001705accb800 JavaThread "Cancel handler" [_thread_blocked, id=6152, stack(0x0000001c63600000,0x0000001c63700000)]
  0x000001705c606800 JavaThread "Daemon worker" [_thread_in_vm, id=7912, stack(0x0000001c63700000,0x0000001c63800000)]
  0x000001705c718000 JavaThread "Asynchronous log dispatcher for DefaultDaemonConnection: socket connection from /127.0.0.1:60654 to /127.0.0.1:60655" [_thread_blocked, id=1852, stack(0x0000001c63800000,0x0000001c63900000)]
  0x000001705a996000 JavaThread "Stdin handler" [_thread_blocked, id=6132, stack(0x0000001c63900000,0x0000001c63a00000)]
  0x000001705b883000 JavaThread "Daemon client event forwarder" [_thread_blocked, id=13076, stack(0x0000001c63a00000,0x0000001c63b00000)]
  0x000001705b884800 JavaThread "Cache worker for file hash cache (C:\Users\Admin\.gradle\caches\7.0.2\fileHashes)" [_thread_blocked, id=9764, stack(0x0000001c63d00000,0x0000001c63e00000)]
  0x000001705b885800 JavaThread "File lock request listener" [_thread_in_native, id=84, stack(0x0000001c63e00000,0x0000001c63f00000)]
  0x000001705b884000 JavaThread "Cache worker for journal cache (C:\Users\Admin\.gradle\caches\journal-1)" [_thread_blocked, id=9564, stack(0x0000001c64000000,0x0000001c64100000)]
  0x000001705b886000 JavaThread "Cache worker for file hash cache (D:\WorkspaceAndroid\ChatApp_05012022\.gradle\7.0.2\fileHashes)" [_thread_blocked, id=2440, stack(0x0000001c64100000,0x0000001c64200000)]
  0x000001705b881800 JavaThread "File watcher server" daemon [_thread_in_native, id=1312, stack(0x0000001c64200000,0x0000001c64300000)]
  0x000001705b888000 JavaThread "File watcher consumer" daemon [_thread_blocked, id=5676, stack(0x0000001c64300000,0x0000001c64400000)]
=>0x000001705b887000 JavaThread "C2 CompilerThread1" daemon [_thread_in_native, id=8660, stack(0x0000001c64400000,0x0000001c64500000)]
  0x000001705b882000 JavaThread "Cache worker for checksums cache (D:\WorkspaceAndroid\ChatApp_05012022\.gradle\checksums)" [_thread_blocked, id=10644, stack(0x0000001c64500000,0x0000001c64600000)]
  0x000001705d0a4800 JavaThread "Cache worker for cache directory md-supplier (C:\Users\Admin\.gradle\caches\7.0.2\md-supplier)" [_thread_blocked, id=14696, stack(0x0000001c64600000,0x0000001c64700000)]
  0x000001705d0a5800 JavaThread "Cache worker for cache directory md-rule (C:\Users\Admin\.gradle\caches\7.0.2\md-rule)" [_thread_blocked, id=5852, stack(0x0000001c64800000,0x0000001c64900000)]
  0x000001705d0a6800 JavaThread "Cache worker for execution history cache (C:\Users\Admin\.gradle\caches\7.0.2\executionHistory)" [_thread_blocked, id=9532, stack(0x0000001c64900000,0x0000001c64a00000)]
  0x000001705d0a7000 JavaThread "jar transforms" [_thread_blocked, id=2888, stack(0x0000001c64a00000,0x0000001c64b00000)]
  0x000001705d0a4000 JavaThread "jar transforms Thread 2" [_thread_blocked, id=8568, stack(0x0000001c64b00000,0x0000001c64c00000)]
  0x000001705d0aa800 JavaThread "Cache worker for file content cache (C:\Users\Admin\.gradle\caches\7.0.2\fileContent)" [_thread_blocked, id=8872, stack(0x0000001c64c00000,0x0000001c64d00000)]
  0x000001705d0ad000 JavaThread "Cache worker for dependencies-accessors (D:\WorkspaceAndroid\ChatApp_05012022\.gradle\7.0.2\dependencies-accessors)" [_thread_blocked, id=12464, stack(0x0000001c64d00000,0x0000001c64e00000)]
  0x000001705d0ad800 JavaThread "jar transforms Thread 3" [_thread_blocked, id=1300, stack(0x0000001c64e00000,0x0000001c64f00000)]
  0x000001705d0a8000 JavaThread "Cache worker for Build Output Cleanup Cache (D:\WorkspaceAndroid\ChatApp_05012022\.gradle\buildOutputCleanup)" [_thread_blocked, id=6552, stack(0x0000001c64f00000,0x0000001c65000000)]
  0x000001705d0ae800 JavaThread "Build operations" [_thread_blocked, id=14512, stack(0x0000001c65000000,0x0000001c65100000)]
  0x000001705d0af800 JavaThread "Build operations Thread 2" [_thread_blocked, id=1532, stack(0x0000001c65100000,0x0000001c65200000)]
  0x000001705d0b2000 JavaThread "Build operations Thread 3" [_thread_blocked, id=14344, stack(0x0000001c65200000,0x0000001c65300000)]
  0x000001705d0b0000 JavaThread "Build operations Thread 4" [_thread_blocked, id=11568, stack(0x0000001c65300000,0x0000001c65400000)]
  0x000001705d0b1000 JavaThread "Build operations Thread 5" [_thread_blocked, id=14188, stack(0x0000001c65400000,0x0000001c65500000)]
  0x0000017060541800 JavaThread "Build operations Thread 6" [_thread_blocked, id=8668, stack(0x0000001c65500000,0x0000001c65600000)]
  0x0000017060542000 JavaThread "Build operations Thread 7" [_thread_blocked, id=6680, stack(0x0000001c65600000,0x0000001c65700000)]
  0x0000017060544000 JavaThread "Build operations Thread 8" [_thread_blocked, id=7796, stack(0x0000001c65700000,0x0000001c65800000)]
  0x0000017060540800 JavaThread "jar transforms Thread 4" [_thread_blocked, id=15084, stack(0x0000001c65800000,0x0000001c65900000)]
  0x0000017060543000 JavaThread "jar transforms Thread 5" [_thread_blocked, id=11860, stack(0x0000001c65900000,0x0000001c65a00000)]
  0x0000017060544800 JavaThread "jar transforms Thread 6" [_thread_blocked, id=2704, stack(0x0000001c65a00000,0x0000001c65b00000)]
  0x0000017060545800 JavaThread "jar transforms Thread 7" [_thread_blocked, id=6280, stack(0x0000001c65b00000,0x0000001c65c00000)]
  0x000001706053f800 JavaThread "jar transforms Thread 8" [_thread_blocked, id=11948, stack(0x0000001c65c00000,0x0000001c65d00000)]

Other Threads:
  0x000001705943b800 VMThread "VM Thread" [stack: 0x0000001c62100000,0x0000001c62200000] [id=7208]
  0x0000017059655000 WatcherThread [stack: 0x0000001c62b00000,0x0000001c62c00000] [id=7780]
  0x000001703c7a3000 GCTaskThread "GC Thread#0" [stack: 0x0000001c61c00000,0x0000001c61d00000] [id=14728]
  0x0000017059f74000 GCTaskThread "GC Thread#1" [stack: 0x0000001c62d00000,0x0000001c62e00000] [id=14300]
  0x000001705a153000 GCTaskThread "GC Thread#2" [stack: 0x0000001c62e00000,0x0000001c62f00000] [id=6380]
  0x000001705a16f800 GCTaskThread "GC Thread#3" [stack: 0x0000001c62f00000,0x0000001c63000000] [id=4656]
  0x000001705a170800 GCTaskThread "GC Thread#4" [stack: 0x0000001c63000000,0x0000001c63100000] [id=10884]
  0x000001705a132000 GCTaskThread "GC Thread#5" [stack: 0x0000001c63100000,0x0000001c63200000] [id=4368]
  0x000001705b98b800 GCTaskThread "GC Thread#6" [stack: 0x0000001c63b00000,0x0000001c63c00000] [id=11420]
  0x000001705aa7e000 GCTaskThread "GC Thread#7" [stack: 0x0000001c63c00000,0x0000001c63d00000] [id=14136]
  0x000001703c7d4000 ConcurrentGCThread "G1 Main Marker" [stack: 0x0000001c61d00000,0x0000001c61e00000] [id=12788]
  0x000001703c7d6800 ConcurrentGCThread "G1 Conc#0" [stack: 0x0000001c61e00000,0x0000001c61f00000] [id=13736]
  0x000001705acf9800 ConcurrentGCThread "G1 Conc#1" [stack: 0x0000001c63f00000,0x0000001c64000000] [id=14080]
  0x000001703c86e000 ConcurrentGCThread "G1 Refine#0" [stack: 0x0000001c61f00000,0x0000001c62000000] [id=11768]
  0x0000017058a84800 ConcurrentGCThread "G1 Young RemSet Sampling" [stack: 0x0000001c62000000,0x0000001c62100000] [id=1200]

Threads with active compile tasks:
C2 CompilerThread0   7597 5225       4       org.gradle.internal.service.DefaultServiceRegistry$OwnServices::getService (309 bytes)
C2 CompilerThread1   7597 5206 % !   4       java.util.jar.Attributes::read @ 186 (390 bytes)

VM state:not at safepoint (normal execution)

VM Mutex/Monitor currently owned by a thread: None

Heap address: 0x0000000080000000, size: 2048 MB, Compressed Oops mode: 32-bit
Narrow klass base: 0x0000000000000000, Narrow klass shift: 3
Compressed class space size: 1073741824 Address: 0x0000000100000000

Heap:
 garbage-first heap   total 258048K, used 101119K [0x0000000080000000, 0x0000000100000000)
  region size 1024K, 80 young (81920K), 14 survivors (14336K)
 Metaspace       used 49749K, capacity 51100K, committed 51456K, reserved 1093632K
  class space    used 6341K, capacity 6811K, committed 6912K, reserved 1048576K
Heap Regions: E=young(eden), S=young(survivor), O=old, HS=humongous(starts), HC=humongous(continues), CS=collection set, F=free, A=archive, TAMS=top-at-mark-start (previous, next)
|   0|0x0000000080000000, 0x0000000080100000, 0x0000000080100000|100%| O|  |TAMS 0x0000000080100000, 0x0000000080000000| Untracked 
|   1|0x0000000080100000, 0x0000000080200000, 0x0000000080200000|100%| O|  |TAMS 0x0000000080200000, 0x0000000080100000| Untracked 
|   2|0x0000000080200000, 0x0000000080300000, 0x0000000080300000|100%| O|  |TAMS 0x0000000080300000, 0x0000000080200000| Untracked 
|   3|0x0000000080300000, 0x0000000080400000, 0x0000000080400000|100%|HS|  |TAMS 0x0000000080400000, 0x0000000080300000| Complete 
|   4|0x0000000080400000, 0x0000000080500000, 0x0000000080500000|100%|HC|  |TAMS 0x0000000080500000, 0x0000000080400000| Complete 
|   5|0x0000000080500000, 0x0000000080600000, 0x0000000080600000|100%|HC|  |TAMS 0x0000000080600000, 0x0000000080500000| Complete 
|   6|0x0000000080600000, 0x0000000080700000, 0x0000000080700000|100%| O|  |TAMS 0x0000000080700000, 0x0000000080600000| Untracked 
|   7|0x0000000080700000, 0x0000000080800000, 0x0000000080800000|100%| O|  |TAMS 0x0000000080800000, 0x0000000080700000| Untracked 
|   8|0x0000000080800000, 0x0000000080900000, 0x0000000080900000|100%| O|  |TAMS 0x0000000080900000, 0x0000000080800000| Untracked 
|   9|0x0000000080900000, 0x0000000080a00000, 0x0000000080a00000|100%| O|  |TAMS 0x0000000080a00000, 0x0000000080900000| Untracked 
|  10|0x0000000080a00000, 0x0000000080b00000, 0x0000000080b00000|100%| O|  |TAMS 0x0000000080b00000, 0x0000000080a00000| Untracked 
|  11|0x0000000080b00000, 0x0000000080c00000, 0x0000000080c00000|100%| O|  |TAMS 0x0000000080c00000, 0x0000000080b00000| Untracked 
|  12|0x0000000080c00000, 0x0000000080d00000, 0x0000000080d00000|100%| O|  |TAMS 0x0000000080d00000, 0x0000000080c00000| Untracked 
|  13|0x0000000080d00000, 0x0000000080e00000, 0x0000000080e00000|100%| O|  |TAMS 0x0000000080e00000, 0x0000000080d00000| Untracked 
|  14|0x0000000080e00000, 0x0000000080f00000, 0x0000000080f00000|100%| O|  |TAMS 0x0000000080f00000, 0x0000000080e00000| Untracked 
|  15|0x0000000080f00000, 0x0000000081000000, 0x0000000081000000|100%| O|  |TAMS 0x0000000081000000, 0x0000000080f00000| Untracked 
|  16|0x0000000081000000, 0x000000008104b200, 0x0000000081100000| 29%| O|  |TAMS 0x000000008104b200, 0x0000000081000000| Untracked 
|  17|0x0000000081100000, 0x0000000081200000, 0x0000000081200000|100%|HS|  |TAMS 0x0000000081100000, 0x0000000081100000| Complete 
|  18|0x0000000081200000, 0x0000000081300000, 0x0000000081300000|100%|HS|  |TAMS 0x0000000081200000, 0x0000000081200000| Complete 
|  19|0x0000000081300000, 0x0000000081400000, 0x0000000081400000|100%|HS|  |TAMS 0x0000000081300000, 0x0000000081300000| Complete 
|  20|0x0000000081400000, 0x0000000081500000, 0x0000000081500000|100%|HC|  |TAMS 0x0000000081400000, 0x0000000081400000| Complete 
|  21|0x0000000081500000, 0x0000000081500000, 0x0000000081600000|  0%| F|  |TAMS 0x0000000081500000, 0x0000000081500000| Untracked 
|  22|0x0000000081600000, 0x0000000081600000, 0x0000000081700000|  0%| F|  |TAMS 0x0000000081600000, 0x0000000081600000| Untracked 
|  23|0x0000000081700000, 0x0000000081700000, 0x0000000081800000|  0%| F|  |TAMS 0x0000000081700000, 0x0000000081700000| Untracked 
|  24|0x0000000081800000, 0x0000000081800000, 0x0000000081900000|  0%| F|  |TAMS 0x0000000081800000, 0x0000000081800000| Untracked 
|  25|0x0000000081900000, 0x0000000081900000, 0x0000000081a00000|  0%| F|  |TAMS 0x0000000081900000, 0x0000000081900000| Untracked 
|  26|0x0000000081a00000, 0x0000000081a00000, 0x0000000081b00000|  0%| F|  |TAMS 0x0000000081a00000, 0x0000000081a00000| Untracked 
|  27|0x0000000081b00000, 0x0000000081b00000, 0x0000000081c00000|  0%| F|  |TAMS 0x0000000081b00000, 0x0000000081b00000| Untracked 
|  28|0x0000000081c00000, 0x0000000081c00000, 0x0000000081d00000|  0%| F|  |TAMS 0x0000000081c00000, 0x0000000081c00000| Untracked 
|  29|0x0000000081d00000, 0x0000000081d00000, 0x0000000081e00000|  0%| F|  |TAMS 0x0000000081d00000, 0x0000000081d00000| Untracked 
|  30|0x0000000081e00000, 0x0000000081e00000, 0x0000000081f00000|  0%| F|  |TAMS 0x0000000081e00000, 0x0000000081e00000| Untracked 
|  31|0x0000000081f00000, 0x0000000081f00000, 0x0000000082000000|  0%| F|  |TAMS 0x0000000081f00000, 0x0000000081f00000| Untracked 
|  32|0x0000000082000000, 0x0000000082000000, 0x0000000082100000|  0%| F|  |TAMS 0x0000000082000000, 0x0000000082000000| Untracked 
|  33|0x0000000082100000, 0x0000000082100000, 0x0000000082200000|  0%| F|  |TAMS 0x0000000082100000, 0x0000000082100000| Untracked 
|  34|0x0000000082200000, 0x0000000082200000, 0x0000000082300000|  0%| F|  |TAMS 0x0000000082200000, 0x0000000082200000| Untracked 
|  35|0x0000000082300000, 0x0000000082300000, 0x0000000082400000|  0%| F|  |TAMS 0x0000000082300000, 0x0000000082300000| Untracked 
|  36|0x0000000082400000, 0x0000000082400000, 0x0000000082500000|  0%| F|  |TAMS 0x0000000082400000, 0x0000000082400000| Untracked 
|  37|0x0000000082500000, 0x0000000082500000, 0x0000000082600000|  0%| F|  |TAMS 0x0000000082500000, 0x0000000082500000| Untracked 
|  38|0x0000000082600000, 0x0000000082600000, 0x0000000082700000|  0%| F|  |TAMS 0x0000000082600000, 0x0000000082600000| Untracked 
|  39|0x0000000082700000, 0x0000000082700000, 0x0000000082800000|  0%| F|  |TAMS 0x0000000082700000, 0x0000000082700000| Untracked 
|  40|0x0000000082800000, 0x0000000082800000, 0x0000000082900000|  0%| F|  |TAMS 0x0000000082800000, 0x0000000082800000| Untracked 
|  41|0x0000000082900000, 0x0000000082900000, 0x0000000082a00000|  0%| F|  |TAMS 0x0000000082900000, 0x0000000082900000| Untracked 
|  42|0x0000000082a00000, 0x0000000082a00000, 0x0000000082b00000|  0%| F|  |TAMS 0x0000000082a00000, 0x0000000082a00000| Untracked 
|  43|0x0000000082b00000, 0x0000000082b00000, 0x0000000082c00000|  0%| F|  |TAMS 0x0000000082b00000, 0x0000000082b00000| Untracked 
|  44|0x0000000082c00000, 0x0000000082c00000, 0x0000000082d00000|  0%| F|  |TAMS 0x0000000082c00000, 0x0000000082c00000| Untracked 
|  45|0x0000000082d00000, 0x0000000082d00000, 0x0000000082e00000|  0%| F|  |TAMS 0x0000000082d00000, 0x0000000082d00000| Untracked 
|  46|0x0000000082e00000, 0x0000000082e00000, 0x0000000082f00000|  0%| F|  |TAMS 0x0000000082e00000, 0x0000000082e00000| Untracked 
|  47|0x0000000082f00000, 0x0000000082f00000, 0x0000000083000000|  0%| F|  |TAMS 0x0000000082f00000, 0x0000000082f00000| Untracked 
|  48|0x0000000083000000, 0x0000000083000000, 0x0000000083100000|  0%| F|  |TAMS 0x0000000083000000, 0x0000000083000000| Untracked 
|  49|0x0000000083100000, 0x0000000083100000, 0x0000000083200000|  0%| F|  |TAMS 0x0000000083100000, 0x0000000083100000| Untracked 
|  50|0x0000000083200000, 0x0000000083200000, 0x0000000083300000|  0%| F|  |TAMS 0x0000000083200000, 0x0000000083200000| Untracked 
|  51|0x0000000083300000, 0x0000000083300000, 0x0000000083400000|  0%| F|  |TAMS 0x0000000083300000, 0x0000000083300000| Untracked 
|  52|0x0000000083400000, 0x0000000083400000, 0x0000000083500000|  0%| F|  |TAMS 0x0000000083400000, 0x0000000083400000| Untracked 
|  53|0x0000000083500000, 0x0000000083500000, 0x0000000083600000|  0%| F|  |TAMS 0x0000000083500000, 0x0000000083500000| Untracked 
|  54|0x0000000083600000, 0x0000000083600000, 0x0000000083700000|  0%| F|  |TAMS 0x0000000083600000, 0x0000000083600000| Untracked 
|  55|0x0000000083700000, 0x0000000083700000, 0x0000000083800000|  0%| F|  |TAMS 0x0000000083700000, 0x0000000083700000| Untracked 
|  56|0x0000000083800000, 0x0000000083800000, 0x0000000083900000|  0%| F|  |TAMS 0x0000000083800000, 0x0000000083800000| Untracked 
|  57|0x0000000083900000, 0x0000000083900000, 0x0000000083a00000|  0%| F|  |TAMS 0x0000000083900000, 0x0000000083900000| Untracked 
|  58|0x0000000083a00000, 0x0000000083a00000, 0x0000000083b00000|  0%| F|  |TAMS 0x0000000083a00000, 0x0000000083a00000| Untracked 
|  59|0x0000000083b00000, 0x0000000083b00000, 0x0000000083c00000|  0%| F|  |TAMS 0x0000000083b00000, 0x0000000083b00000| Untracked 
|  60|0x0000000083c00000, 0x0000000083c00000, 0x0000000083d00000|  0%| F|  |TAMS 0x0000000083c00000, 0x0000000083c00000| Untracked 
|  61|0x0000000083d00000, 0x0000000083d00000, 0x0000000083e00000|  0%| F|  |TAMS 0x0000000083d00000, 0x0000000083d00000| Untracked 
|  62|0x0000000083e00000, 0x0000000083e00000, 0x0000000083f00000|  0%| F|  |TAMS 0x0000000083e00000, 0x0000000083e00000| Untracked 
|  63|0x0000000083f00000, 0x0000000083f00000, 0x0000000084000000|  0%| F|  |TAMS 0x0000000083f00000, 0x0000000083f00000| Untracked 
|  64|0x0000000084000000, 0x0000000084000000, 0x0000000084100000|  0%| F|  |TAMS 0x0000000084000000, 0x0000000084000000| Untracked 
|  65|0x0000000084100000, 0x0000000084100000, 0x0000000084200000|  0%| F|  |TAMS 0x0000000084100000, 0x0000000084100000| Untracked 
|  66|0x0000000084200000, 0x0000000084200000, 0x0000000084300000|  0%| F|  |TAMS 0x0000000084200000, 0x0000000084200000| Untracked 
|  67|0x0000000084300000, 0x0000000084300000, 0x0000000084400000|  0%| F|  |TAMS 0x0000000084300000, 0x0000000084300000| Untracked 
|  68|0x0000000084400000, 0x0000000084400000, 0x0000000084500000|  0%| F|  |TAMS 0x0000000084400000, 0x0000000084400000| Untracked 
|  69|0x0000000084500000, 0x0000000084500000, 0x0000000084600000|  0%| F|  |TAMS 0x0000000084500000, 0x0000000084500000| Untracked 
|  70|0x0000000084600000, 0x0000000084600000, 0x0000000084700000|  0%| F|  |TAMS 0x0000000084600000, 0x0000000084600000| Untracked 
|  71|0x0000000084700000, 0x0000000084700000, 0x0000000084800000|  0%| F|  |TAMS 0x0000000084700000, 0x0000000084700000| Untracked 
|  72|0x0000000084800000, 0x0000000084800000, 0x0000000084900000|  0%| F|  |TAMS 0x0000000084800000, 0x0000000084800000| Untracked 
|  73|0x0000000084900000, 0x0000000084900000, 0x0000000084a00000|  0%| F|  |TAMS 0x0000000084900000, 0x0000000084900000| Untracked 
|  74|0x0000000084a00000, 0x0000000084a00000, 0x0000000084b00000|  0%| F|  |TAMS 0x0000000084a00000, 0x0000000084a00000| Untracked 
|  75|0x0000000084b00000, 0x0000000084b00000, 0x0000000084c00000|  0%| F|  |TAMS 0x0000000084b00000, 0x0000000084b00000| Untracked 
|  76|0x0000000084c00000, 0x0000000084c00000, 0x0000000084d00000|  0%| F|  |TAMS 0x0000000084c00000, 0x0000000084c00000| Untracked 
|  77|0x0000000084d00000, 0x0000000084d00000, 0x0000000084e00000|  0%| F|  |TAMS 0x0000000084d00000, 0x0000000084d00000| Untracked 
|  78|0x0000000084e00000, 0x0000000084e00000, 0x0000000084f00000|  0%| F|  |TAMS 0x0000000084e00000, 0x0000000084e00000| Untracked 
|  79|0x0000000084f00000, 0x0000000084f00000, 0x0000000085000000|  0%| F|  |TAMS 0x0000000084f00000, 0x0000000084f00000| Untracked 
|  80|0x0000000085000000, 0x0000000085000000, 0x0000000085100000|  0%| F|  |TAMS 0x0000000085000000, 0x0000000085000000| Untracked 
|  81|0x0000000085100000, 0x0000000085100000, 0x0000000085200000|  0%| F|  |TAMS 0x0000000085100000, 0x0000000085100000| Untracked 
|  82|0x0000000085200000, 0x0000000085200000, 0x0000000085300000|  0%| F|  |TAMS 0x0000000085200000, 0x0000000085200000| Untracked 
|  83|0x0000000085300000, 0x0000000085300000, 0x0000000085400000|  0%| F|  |TAMS 0x0000000085300000, 0x0000000085300000| Untracked 
|  84|0x0000000085400000, 0x0000000085400000, 0x0000000085500000|  0%| F|  |TAMS 0x0000000085400000, 0x0000000085400000| Untracked 
|  85|0x0000000085500000, 0x0000000085500000, 0x0000000085600000|  0%| F|  |TAMS 0x0000000085500000, 0x0000000085500000| Untracked 
|  86|0x0000000085600000, 0x0000000085600000, 0x0000000085700000|  0%| F|  |TAMS 0x0000000085600000, 0x0000000085600000| Untracked 
|  87|0x0000000085700000, 0x0000000085700000, 0x0000000085800000|  0%| F|  |TAMS 0x0000000085700000, 0x0000000085700000| Untracked 
|  88|0x0000000085800000, 0x0000000085800000, 0x0000000085900000|  0%| F|  |TAMS 0x0000000085800000, 0x0000000085800000| Untracked 
|  89|0x0000000085900000, 0x0000000085900000, 0x0000000085a00000|  0%| F|  |TAMS 0x0000000085900000, 0x0000000085900000| Untracked 
|  90|0x0000000085a00000, 0x0000000085a00000, 0x0000000085b00000|  0%| F|  |TAMS 0x0000000085a00000, 0x0000000085a00000| Untracked 
|  91|0x0000000085b00000, 0x0000000085b00000, 0x0000000085c00000|  0%| F|  |TAMS 0x0000000085b00000, 0x0000000085b00000| Untracked 
|  92|0x0000000085c00000, 0x0000000085c00000, 0x0000000085d00000|  0%| F|  |TAMS 0x0000000085c00000, 0x0000000085c00000| Untracked 
|  93|0x0000000085d00000, 0x0000000085d00000, 0x0000000085e00000|  0%| F|  |TAMS 0x0000000085d00000, 0x0000000085d00000| Untracked 
|  94|0x0000000085e00000, 0x0000000085e00000, 0x0000000085f00000|  0%| F|  |TAMS 0x0000000085e00000, 0x0000000085e00000| Untracked 
|  95|0x0000000085f00000, 0x0000000085f00000, 0x0000000086000000|  0%| F|  |TAMS 0x0000000085f00000, 0x0000000085f00000| Untracked 
|  96|0x0000000086000000, 0x0000000086000000, 0x0000000086100000|  0%| F|  |TAMS 0x0000000086000000, 0x0000000086000000| Untracked 
|  97|0x0000000086100000, 0x0000000086100000, 0x0000000086200000|  0%| F|  |TAMS 0x0000000086100000, 0x0000000086100000| Untracked 
|  98|0x0000000086200000, 0x0000000086200000, 0x0000000086300000|  0%| F|  |TAMS 0x0000000086200000, 0x0000000086200000| Untracked 
|  99|0x0000000086300000, 0x0000000086300000, 0x0000000086400000|  0%| F|  |TAMS 0x0000000086300000, 0x0000000086300000| Untracked 
| 100|0x0000000086400000, 0x0000000086400000, 0x0000000086500000|  0%| F|  |TAMS 0x0000000086400000, 0x0000000086400000| Untracked 
| 101|0x0000000086500000, 0x0000000086500000, 0x0000000086600000|  0%| F|  |TAMS 0x0000000086500000, 0x0000000086500000| Untracked 
| 102|0x0000000086600000, 0x0000000086674c88, 0x0000000086700000| 45%| S|CS|TAMS 0x0000000086600000, 0x0000000086600000| Complete 
| 103|0x0000000086700000, 0x0000000086800000, 0x0000000086800000|100%| S|CS|TAMS 0x0000000086700000, 0x0000000086700000| Complete 
| 104|0x0000000086800000, 0x0000000086900000, 0x0000000086900000|100%| S|CS|TAMS 0x0000000086800000, 0x0000000086800000| Complete 
| 105|0x0000000086900000, 0x0000000086a00000, 0x0000000086a00000|100%| S|CS|TAMS 0x0000000086900000, 0x0000000086900000| Complete 
| 106|0x0000000086a00000, 0x0000000086b00000, 0x0000000086b00000|100%| S|CS|TAMS 0x0000000086a00000, 0x0000000086a00000| Complete 
| 107|0x0000000086b00000, 0x0000000086c00000, 0x0000000086c00000|100%| S|CS|TAMS 0x0000000086b00000, 0x0000000086b00000| Complete 
| 108|0x0000000086c00000, 0x0000000086d00000, 0x0000000086d00000|100%| S|CS|TAMS 0x0000000086c00000, 0x0000000086c00000| Complete 
| 109|0x0000000086d00000, 0x0000000086e00000, 0x0000000086e00000|100%| S|CS|TAMS 0x0000000086d00000, 0x0000000086d00000| Complete 
| 110|0x0000000086e00000, 0x0000000086f00000, 0x0000000086f00000|100%| S|CS|TAMS 0x0000000086e00000, 0x0000000086e00000| Complete 
| 111|0x0000000086f00000, 0x0000000087000000, 0x0000000087000000|100%| S|CS|TAMS 0x0000000086f00000, 0x0000000086f00000| Complete 
| 112|0x0000000087000000, 0x0000000087100000, 0x0000000087100000|100%| S|CS|TAMS 0x0000000087000000, 0x0000000087000000| Complete 
| 113|0x0000000087100000, 0x0000000087200000, 0x0000000087200000|100%| S|CS|TAMS 0x0000000087100000, 0x0000000087100000| Complete 
| 114|0x0000000087200000, 0x0000000087300000, 0x0000000087300000|100%| S|CS|TAMS 0x0000000087200000, 0x0000000087200000| Complete 
| 115|0x0000000087300000, 0x0000000087400000, 0x0000000087400000|100%| S|CS|TAMS 0x0000000087300000, 0x0000000087300000| Complete 
| 116|0x0000000087400000, 0x0000000087400000, 0x0000000087500000|  0%| F|  |TAMS 0x0000000087400000, 0x0000000087400000| Untracked 
| 117|0x0000000087500000, 0x0000000087500000, 0x0000000087600000|  0%| F|  |TAMS 0x0000000087500000, 0x0000000087500000| Untracked 
| 118|0x0000000087600000, 0x0000000087600000, 0x0000000087700000|  0%| F|  |TAMS 0x0000000087600000, 0x0000000087600000| Untracked 
| 119|0x0000000087700000, 0x0000000087700000, 0x0000000087800000|  0%| F|  |TAMS 0x0000000087700000, 0x0000000087700000| Untracked 
| 120|0x0000000087800000, 0x0000000087800000, 0x0000000087900000|  0%| F|  |TAMS 0x0000000087800000, 0x0000000087800000| Untracked 
| 121|0x0000000087900000, 0x0000000087900000, 0x0000000087a00000|  0%| F|  |TAMS 0x0000000087900000, 0x0000000087900000| Untracked 
| 122|0x0000000087a00000, 0x0000000087a00000, 0x0000000087b00000|  0%| F|  |TAMS 0x0000000087a00000, 0x0000000087a00000| Untracked 
| 123|0x0000000087b00000, 0x0000000087b00000, 0x0000000087c00000|  0%| F|  |TAMS 0x0000000087b00000, 0x0000000087b00000| Untracked 
| 124|0x0000000087c00000, 0x0000000087c00000, 0x0000000087d00000|  0%| F|  |TAMS 0x0000000087c00000, 0x0000000087c00000| Untracked 
| 125|0x0000000087d00000, 0x0000000087d00000, 0x0000000087e00000|  0%| F|  |TAMS 0x0000000087d00000, 0x0000000087d00000| Untracked 
| 126|0x0000000087e00000, 0x0000000087e00000, 0x0000000087f00000|  0%| F|  |TAMS 0x0000000087e00000, 0x0000000087e00000| Untracked 
| 127|0x0000000087f00000, 0x0000000087f00000, 0x0000000088000000|  0%| F|  |TAMS 0x0000000087f00000, 0x0000000087f00000| Untracked 
| 128|0x0000000088000000, 0x0000000088000000, 0x0000000088100000|  0%| F|  |TAMS 0x0000000088000000, 0x0000000088000000| Untracked 
| 129|0x0000000088100000, 0x0000000088100000, 0x0000000088200000|  0%| F|  |TAMS 0x0000000088100000, 0x0000000088100000| Untracked 
| 130|0x0000000088200000, 0x0000000088200000, 0x0000000088300000|  0%| F|  |TAMS 0x0000000088200000, 0x0000000088200000| Untracked 
| 131|0x0000000088300000, 0x0000000088300000, 0x0000000088400000|  0%| F|  |TAMS 0x0000000088300000, 0x0000000088300000| Untracked 
| 132|0x0000000088400000, 0x0000000088400000, 0x0000000088500000|  0%| F|  |TAMS 0x0000000088400000, 0x0000000088400000| Untracked 
| 133|0x0000000088500000, 0x0000000088500000, 0x0000000088600000|  0%| F|  |TAMS 0x0000000088500000, 0x0000000088500000| Untracked 
| 134|0x0000000088600000, 0x0000000088600000, 0x0000000088700000|  0%| F|  |TAMS 0x0000000088600000, 0x0000000088600000| Untracked 
| 135|0x0000000088700000, 0x0000000088700000, 0x0000000088800000|  0%| F|  |TAMS 0x0000000088700000, 0x0000000088700000| Untracked 
| 136|0x0000000088800000, 0x0000000088800000, 0x0000000088900000|  0%| F|  |TAMS 0x0000000088800000, 0x0000000088800000| Untracked 
| 137|0x0000000088900000, 0x0000000088900000, 0x0000000088a00000|  0%| F|  |TAMS 0x0000000088900000, 0x0000000088900000| Untracked 
| 138|0x0000000088a00000, 0x0000000088a00000, 0x0000000088b00000|  0%| F|  |TAMS 0x0000000088a00000, 0x0000000088a00000| Untracked 
| 139|0x0000000088b00000, 0x0000000088b00000, 0x0000000088c00000|  0%| F|  |TAMS 0x0000000088b00000, 0x0000000088b00000| Untracked 
| 140|0x0000000088c00000, 0x0000000088c00000, 0x0000000088d00000|  0%| F|  |TAMS 0x0000000088c00000, 0x0000000088c00000| Untracked 
| 141|0x0000000088d00000, 0x0000000088d00000, 0x0000000088e00000|  0%| F|  |TAMS 0x0000000088d00000, 0x0000000088d00000| Untracked 
| 142|0x0000000088e00000, 0x0000000088e00000, 0x0000000088f00000|  0%| F|  |TAMS 0x0000000088e00000, 0x0000000088e00000| Untracked 
| 143|0x0000000088f00000, 0x0000000088f00000, 0x0000000089000000|  0%| F|  |TAMS 0x0000000088f00000, 0x0000000088f00000| Untracked 
| 144|0x0000000089000000, 0x0000000089000000, 0x0000000089100000|  0%| F|  |TAMS 0x0000000089000000, 0x0000000089000000| Untracked 
| 145|0x0000000089100000, 0x0000000089100000, 0x0000000089200000|  0%| F|  |TAMS 0x0000000089100000, 0x0000000089100000| Untracked 
| 146|0x0000000089200000, 0x0000000089200000, 0x0000000089300000|  0%| F|  |TAMS 0x0000000089200000, 0x0000000089200000| Untracked 
| 147|0x0000000089300000, 0x0000000089300000, 0x0000000089400000|  0%| F|  |TAMS 0x0000000089300000, 0x0000000089300000| Untracked 
| 148|0x0000000089400000, 0x0000000089400000, 0x0000000089500000|  0%| F|  |TAMS 0x0000000089400000, 0x0000000089400000| Untracked 
| 149|0x0000000089500000, 0x0000000089500000, 0x0000000089600000|  0%| F|  |TAMS 0x0000000089500000, 0x0000000089500000| Untracked 
| 150|0x0000000089600000, 0x0000000089600000, 0x0000000089700000|  0%| F|  |TAMS 0x0000000089600000, 0x0000000089600000| Untracked 
| 151|0x0000000089700000, 0x0000000089700000, 0x0000000089800000|  0%| F|  |TAMS 0x0000000089700000, 0x0000000089700000| Untracked 
| 152|0x0000000089800000, 0x0000000089800000, 0x0000000089900000|  0%| F|  |TAMS 0x0000000089800000, 0x0000000089800000| Untracked 
| 153|0x0000000089900000, 0x0000000089900000, 0x0000000089a00000|  0%| F|  |TAMS 0x0000000089900000, 0x0000000089900000| Untracked 
| 154|0x0000000089a00000, 0x0000000089a00000, 0x0000000089b00000|  0%| F|  |TAMS 0x0000000089a00000, 0x0000000089a00000| Untracked 
| 155|0x0000000089b00000, 0x0000000089b00000, 0x0000000089c00000|  0%| F|  |TAMS 0x0000000089b00000, 0x0000000089b00000| Untracked 
| 156|0x0000000089c00000, 0x0000000089c00000, 0x0000000089d00000|  0%| F|  |TAMS 0x0000000089c00000, 0x0000000089c00000| Untracked 
| 157|0x0000000089d00000, 0x0000000089d00000, 0x0000000089e00000|  0%| F|  |TAMS 0x0000000089d00000, 0x0000000089d00000| Untracked 
| 158|0x0000000089e00000, 0x0000000089e00000, 0x0000000089f00000|  0%| F|  |TAMS 0x0000000089e00000, 0x0000000089e00000| Untracked 
| 159|0x0000000089f00000, 0x0000000089f00000, 0x000000008a000000|  0%| F|  |TAMS 0x0000000089f00000, 0x0000000089f00000| Untracked 
| 160|0x000000008a000000, 0x000000008a000000, 0x000000008a100000|  0%| F|  |TAMS 0x000000008a000000, 0x000000008a000000| Untracked 
| 161|0x000000008a100000, 0x000000008a100000, 0x000000008a200000|  0%| F|  |TAMS 0x000000008a100000, 0x000000008a100000| Untracked 
| 162|0x000000008a200000, 0x000000008a200000, 0x000000008a300000|  0%| F|  |TAMS 0x000000008a200000, 0x000000008a200000| Untracked 
| 163|0x000000008a300000, 0x000000008a300000, 0x000000008a400000|  0%| F|  |TAMS 0x000000008a300000, 0x000000008a300000| Untracked 
| 164|0x000000008a400000, 0x000000008a400000, 0x000000008a500000|  0%| F|  |TAMS 0x000000008a400000, 0x000000008a400000| Untracked 
| 165|0x000000008a500000, 0x000000008a500000, 0x000000008a600000|  0%| F|  |TAMS 0x000000008a500000, 0x000000008a500000| Untracked 
| 166|0x000000008a600000, 0x000000008a600000, 0x000000008a700000|  0%| F|  |TAMS 0x000000008a600000, 0x000000008a600000| Untracked 
| 167|0x000000008a700000, 0x000000008a700000, 0x000000008a800000|  0%| F|  |TAMS 0x000000008a700000, 0x000000008a700000| Untracked 
| 168|0x000000008a800000, 0x000000008a800000, 0x000000008a900000|  0%| F|  |TAMS 0x000000008a800000, 0x000000008a800000| Untracked 
| 169|0x000000008a900000, 0x000000008a900000, 0x000000008aa00000|  0%| F|  |TAMS 0x000000008a900000, 0x000000008a900000| Untracked 
| 170|0x000000008aa00000, 0x000000008aa00000, 0x000000008ab00000|  0%| F|  |TAMS 0x000000008aa00000, 0x000000008aa00000| Untracked 
| 171|0x000000008ab00000, 0x000000008ab00000, 0x000000008ac00000|  0%| F|  |TAMS 0x000000008ab00000, 0x000000008ab00000| Untracked 
| 172|0x000000008ac00000, 0x000000008ac00000, 0x000000008ad00000|  0%| F|  |TAMS 0x000000008ac00000, 0x000000008ac00000| Untracked 
| 173|0x000000008ad00000, 0x000000008ad00000, 0x000000008ae00000|  0%| F|  |TAMS 0x000000008ad00000, 0x000000008ad00000| Untracked 
| 174|0x000000008ae00000, 0x000000008ae00000, 0x000000008af00000|  0%| F|  |TAMS 0x000000008ae00000, 0x000000008ae00000| Untracked 
| 175|0x000000008af00000, 0x000000008af00000, 0x000000008b000000|  0%| F|  |TAMS 0x000000008af00000, 0x000000008af00000| Untracked 
| 176|0x000000008b000000, 0x000000008b000000, 0x000000008b100000|  0%| F|  |TAMS 0x000000008b000000, 0x000000008b000000| Untracked 
| 177|0x000000008b100000, 0x000000008b100000, 0x000000008b200000|  0%| F|  |TAMS 0x000000008b100000, 0x000000008b100000| Untracked 
| 178|0x000000008b200000, 0x000000008b200000, 0x000000008b300000|  0%| F|  |TAMS 0x000000008b200000, 0x000000008b200000| Untracked 
| 179|0x000000008b300000, 0x000000008b300000, 0x000000008b400000|  0%| F|  |TAMS 0x000000008b300000, 0x000000008b300000| Untracked 
| 180|0x000000008b400000, 0x000000008b400000, 0x000000008b500000|  0%| F|  |TAMS 0x000000008b400000, 0x000000008b400000| Untracked 
| 181|0x000000008b500000, 0x000000008b500000, 0x000000008b600000|  0%| F|  |TAMS 0x000000008b500000, 0x000000008b500000| Untracked 
| 182|0x000000008b600000, 0x000000008b600000, 0x000000008b700000|  0%| F|  |TAMS 0x000000008b600000, 0x000000008b600000| Untracked 
| 183|0x000000008b700000, 0x000000008b700000, 0x000000008b800000|  0%| F|  |TAMS 0x000000008b700000, 0x000000008b700000| Untracked 
| 184|0x000000008b800000, 0x000000008b800000, 0x000000008b900000|  0%| F|  |TAMS 0x000000008b800000, 0x000000008b800000| Untracked 
| 185|0x000000008b900000, 0x000000008b900000, 0x000000008ba00000|  0%| F|  |TAMS 0x000000008b900000, 0x000000008b900000| Untracked 
| 186|0x000000008ba00000, 0x000000008bb00000, 0x000000008bb00000|100%| E|  |TAMS 0x000000008ba00000, 0x000000008ba00000| Complete 
| 187|0x000000008bb00000, 0x000000008bc00000, 0x000000008bc00000|100%| E|CS|TAMS 0x000000008bb00000, 0x000000008bb00000| Complete 
| 188|0x000000008bc00000, 0x000000008bd00000, 0x000000008bd00000|100%| E|CS|TAMS 0x000000008bc00000, 0x000000008bc00000| Complete 
| 189|0x000000008bd00000, 0x000000008be00000, 0x000000008be00000|100%| E|CS|TAMS 0x000000008bd00000, 0x000000008bd00000| Complete 
| 190|0x000000008be00000, 0x000000008bf00000, 0x000000008bf00000|100%| E|CS|TAMS 0x000000008be00000, 0x000000008be00000| Complete 
| 191|0x000000008bf00000, 0x000000008c000000, 0x000000008c000000|100%| E|CS|TAMS 0x000000008bf00000, 0x000000008bf00000| Complete 
| 192|0x000000008c000000, 0x000000008c100000, 0x000000008c100000|100%| E|CS|TAMS 0x000000008c000000, 0x000000008c000000| Complete 
| 193|0x000000008c100000, 0x000000008c200000, 0x000000008c200000|100%| E|CS|TAMS 0x000000008c100000, 0x000000008c100000| Complete 
| 194|0x000000008c200000, 0x000000008c300000, 0x000000008c300000|100%| E|CS|TAMS 0x000000008c200000, 0x000000008c200000| Complete 
| 195|0x000000008c300000, 0x000000008c400000, 0x000000008c400000|100%| E|CS|TAMS 0x000000008c300000, 0x000000008c300000| Complete 
| 196|0x000000008c400000, 0x000000008c500000, 0x000000008c500000|100%| E|CS|TAMS 0x000000008c400000, 0x000000008c400000| Complete 
| 197|0x000000008c500000, 0x000000008c600000, 0x000000008c600000|100%| E|CS|TAMS 0x000000008c500000, 0x000000008c500000| Complete 
| 198|0x000000008c600000, 0x000000008c700000, 0x000000008c700000|100%| E|CS|TAMS 0x000000008c600000, 0x000000008c600000| Complete 
| 199|0x000000008c700000, 0x000000008c800000, 0x000000008c800000|100%| E|CS|TAMS 0x000000008c700000, 0x000000008c700000| Complete 
| 200|0x000000008c800000, 0x000000008c900000, 0x000000008c900000|100%| E|CS|TAMS 0x000000008c800000, 0x000000008c800000| Complete 
| 201|0x000000008c900000, 0x000000008ca00000, 0x000000008ca00000|100%| E|CS|TAMS 0x000000008c900000, 0x000000008c900000| Complete 
| 202|0x000000008ca00000, 0x000000008cb00000, 0x000000008cb00000|100%| E|CS|TAMS 0x000000008ca00000, 0x000000008ca00000| Complete 
| 203|0x000000008cb00000, 0x000000008cc00000, 0x000000008cc00000|100%| E|CS|TAMS 0x000000008cb00000, 0x000000008cb00000| Complete 
| 204|0x000000008cc00000, 0x000000008cd00000, 0x000000008cd00000|100%| E|CS|TAMS 0x000000008cc00000, 0x000000008cc00000| Complete 
| 205|0x000000008cd00000, 0x000000008ce00000, 0x000000008ce00000|100%| E|CS|TAMS 0x000000008cd00000, 0x000000008cd00000| Complete 
| 206|0x000000008ce00000, 0x000000008cf00000, 0x000000008cf00000|100%| E|CS|TAMS 0x000000008ce00000, 0x000000008ce00000| Complete 
| 207|0x000000008cf00000, 0x000000008d000000, 0x000000008d000000|100%| E|CS|TAMS 0x000000008cf00000, 0x000000008cf00000| Complete 
| 208|0x000000008d000000, 0x000000008d100000, 0x000000008d100000|100%| E|CS|TAMS 0x000000008d000000, 0x000000008d000000| Complete 
| 209|0x000000008d100000, 0x000000008d200000, 0x000000008d200000|100%| E|CS|TAMS 0x000000008d100000, 0x000000008d100000| Complete 
| 210|0x000000008d200000, 0x000000008d300000, 0x000000008d300000|100%| E|CS|TAMS 0x000000008d200000, 0x000000008d200000| Complete 
| 211|0x000000008d300000, 0x000000008d400000, 0x000000008d400000|100%| E|CS|TAMS 0x000000008d300000, 0x000000008d300000| Complete 
| 212|0x000000008d400000, 0x000000008d500000, 0x000000008d500000|100%| E|CS|TAMS 0x000000008d400000, 0x000000008d400000| Complete 
| 213|0x000000008d500000, 0x000000008d600000, 0x000000008d600000|100%| E|CS|TAMS 0x000000008d500000, 0x000000008d500000| Complete 
| 214|0x000000008d600000, 0x000000008d700000, 0x000000008d700000|100%| E|CS|TAMS 0x000000008d600000, 0x000000008d600000| Complete 
| 215|0x000000008d700000, 0x000000008d800000, 0x000000008d800000|100%| E|CS|TAMS 0x000000008d700000, 0x000000008d700000| Complete 
| 216|0x000000008d800000, 0x000000008d900000, 0x000000008d900000|100%| E|CS|TAMS 0x000000008d800000, 0x000000008d800000| Complete 
| 217|0x000000008d900000, 0x000000008da00000, 0x000000008da00000|100%| E|CS|TAMS 0x000000008d900000, 0x000000008d900000| Complete 
| 218|0x000000008da00000, 0x000000008db00000, 0x000000008db00000|100%| E|CS|TAMS 0x000000008da00000, 0x000000008da00000| Complete 
| 219|0x000000008db00000, 0x000000008dc00000, 0x000000008dc00000|100%| E|CS|TAMS 0x000000008db00000, 0x000000008db00000| Complete 
| 220|0x000000008dc00000, 0x000000008dd00000, 0x000000008dd00000|100%| E|CS|TAMS 0x000000008dc00000, 0x000000008dc00000| Complete 
| 221|0x000000008dd00000, 0x000000008de00000, 0x000000008de00000|100%| E|CS|TAMS 0x000000008dd00000, 0x000000008dd00000| Complete 
| 222|0x000000008de00000, 0x000000008df00000, 0x000000008df00000|100%| E|CS|TAMS 0x000000008de00000, 0x000000008de00000| Complete 
| 223|0x000000008df00000, 0x000000008e000000, 0x000000008e000000|100%| E|CS|TAMS 0x000000008df00000, 0x000000008df00000| Complete 
| 224|0x000000008e000000, 0x000000008e100000, 0x000000008e100000|100%| E|CS|TAMS 0x000000008e000000, 0x000000008e000000| Complete 
| 225|0x000000008e100000, 0x000000008e200000, 0x000000008e200000|100%| E|CS|TAMS 0x000000008e100000, 0x000000008e100000| Complete 
| 226|0x000000008e200000, 0x000000008e300000, 0x000000008e300000|100%| E|CS|TAMS 0x000000008e200000, 0x000000008e200000| Complete 
| 227|0x000000008e300000, 0x000000008e400000, 0x000000008e400000|100%| E|CS|TAMS 0x000000008e300000, 0x000000008e300000| Complete 
| 228|0x000000008e400000, 0x000000008e500000, 0x000000008e500000|100%| E|CS|TAMS 0x000000008e400000, 0x000000008e400000| Complete 
| 229|0x000000008e500000, 0x000000008e600000, 0x000000008e600000|100%| E|CS|TAMS 0x000000008e500000, 0x000000008e500000| Complete 
| 230|0x000000008e600000, 0x000000008e700000, 0x000000008e700000|100%| E|CS|TAMS 0x000000008e600000, 0x000000008e600000| Complete 
| 231|0x000000008e700000, 0x000000008e800000, 0x000000008e800000|100%| E|CS|TAMS 0x000000008e700000, 0x000000008e700000| Complete 
| 232|0x000000008e800000, 0x000000008e900000, 0x000000008e900000|100%| E|CS|TAMS 0x000000008e800000, 0x000000008e800000| Complete 
| 233|0x000000008e900000, 0x000000008ea00000, 0x000000008ea00000|100%| E|CS|TAMS 0x000000008e900000, 0x000000008e900000| Complete 
| 234|0x000000008ea00000, 0x000000008eb00000, 0x000000008eb00000|100%| E|CS|TAMS 0x000000008ea00000, 0x000000008ea00000| Complete 
| 235|0x000000008eb00000, 0x000000008ec00000, 0x000000008ec00000|100%| E|CS|TAMS 0x000000008eb00000, 0x000000008eb00000| Complete 
| 236|0x000000008ec00000, 0x000000008ed00000, 0x000000008ed00000|100%| E|CS|TAMS 0x000000008ec00000, 0x000000008ec00000| Complete 
| 237|0x000000008ed00000, 0x000000008ee00000, 0x000000008ee00000|100%| E|CS|TAMS 0x000000008ed00000, 0x000000008ed00000| Complete 
| 238|0x000000008ee00000, 0x000000008ef00000, 0x000000008ef00000|100%| E|CS|TAMS 0x000000008ee00000, 0x000000008ee00000| Complete 
| 239|0x000000008ef00000, 0x000000008f000000, 0x000000008f000000|100%| E|CS|TAMS 0x000000008ef00000, 0x000000008ef00000| Complete 
| 240|0x000000008f000000, 0x000000008f100000, 0x000000008f100000|100%| E|CS|TAMS 0x000000008f000000, 0x000000008f000000| Complete 
| 241|0x000000008f100000, 0x000000008f200000, 0x000000008f200000|100%| E|CS|TAMS 0x000000008f100000, 0x000000008f100000| Complete 
| 242|0x000000008f200000, 0x000000008f300000, 0x000000008f300000|100%| E|CS|TAMS 0x000000008f200000, 0x000000008f200000| Complete 
| 243|0x000000008f300000, 0x000000008f400000, 0x000000008f400000|100%| E|CS|TAMS 0x000000008f300000, 0x000000008f300000| Complete 
| 244|0x000000008f400000, 0x000000008f500000, 0x000000008f500000|100%| E|CS|TAMS 0x000000008f400000, 0x000000008f400000| Complete 
| 245|0x000000008f500000, 0x000000008f600000, 0x000000008f600000|100%| E|CS|TAMS 0x000000008f500000, 0x000000008f500000| Complete 
| 246|0x000000008f600000, 0x000000008f700000, 0x000000008f700000|100%| E|CS|TAMS 0x000000008f600000, 0x000000008f600000| Complete 
| 247|0x000000008f700000, 0x000000008f800000, 0x000000008f800000|100%| E|CS|TAMS 0x000000008f700000, 0x000000008f700000| Complete 
| 248|0x000000008f800000, 0x000000008f900000, 0x000000008f900000|100%| E|CS|TAMS 0x000000008f800000, 0x000000008f800000| Complete 
| 249|0x000000008f900000, 0x000000008fa00000, 0x000000008fa00000|100%| E|CS|TAMS 0x000000008f900000, 0x000000008f900000| Complete 
| 250|0x000000008fa00000, 0x000000008fb00000, 0x000000008fb00000|100%| E|CS|TAMS 0x000000008fa00000, 0x000000008fa00000| Complete 
| 251|0x000000008fb00000, 0x000000008fc00000, 0x000000008fc00000|100%| E|CS|TAMS 0x000000008fb00000, 0x000000008fb00000| Complete 

Card table byte_map: [0x0000017051900000,0x0000017051d00000] _byte_map_base: 0x0000017051500000

Marking Bits (Prev, Next): (CMBitMap*) 0x000001703c7cb678, (CMBitMap*) 0x000001703c7cb6b0
 Prev Bits: [0x0000017052100000, 0x0000017054100000)
 Next Bits: [0x0000017054100000, 0x0000017056100000)

Polling page: 0x000001703c870000

Metaspace:

Usage:
  Non-class:     43.25 MB capacity,    42.42 MB ( 98%) used,   723.23 KB (  2%) free+waste,   130.13 KB ( <1%) overhead. 
      Class:      6.65 MB capacity,     6.20 MB ( 93%) used,   400.17 KB (  6%) free+waste,    62.00 KB ( <1%) overhead. 
       Both:     49.90 MB capacity,    48.62 MB ( 97%) used,     1.10 MB (  2%) free+waste,   192.13 KB ( <1%) overhead. 

Virtual space:
  Non-class space:       44.00 MB reserved,      43.50 MB ( 99%) committed 
      Class space:        1.00 GB reserved,       6.75 MB ( <1%) committed 
             Both:        1.04 GB reserved,      50.25 MB (  5%) committed 

Chunk freelists:
   Non-Class:  63.00 KB
       Class:  5.00 KB
        Both:  68.00 KB

MaxMetaspaceSize: 17179869184.00 GB
CompressedClassSpaceSize: 1.00 GB

CodeHeap 'non-profiled nmethods': size=120000Kb used=3048Kb max_used=3048Kb free=116951Kb
 bounds [0x0000017049570000, 0x0000017049870000, 0x0000017050aa0000]
CodeHeap 'profiled nmethods': size=120000Kb used=10540Kb max_used=10540Kb free=109459Kb
 bounds [0x0000017042040000, 0x0000017042a90000, 0x0000017049570000]
CodeHeap 'non-nmethods': size=5760Kb used=2231Kb max_used=2298Kb free=3528Kb
 bounds [0x0000017041aa0000, 0x0000017041d10000, 0x0000017042040000]
 total_blobs=6014 nmethods=5224 adapters=701
 compilation: enabled
              stopped_count=0, restarted_count=0
 full_count=0

Compilation events (20 events):
Event: 7.541 Thread 0x00000170594a6000 5233       3       com.google.common.collect.MapMakerInternalMap$1::clear (1 bytes)
Event: 7.541 Thread 0x00000170594a6000 nmethod 5233 0x0000017042a78290 code [0x0000017042a78440, 0x0000017042a78538]
Event: 7.547 Thread 0x00000170594a6000 5236       3       java.util.Arrays::fill (23 bytes)
Event: 7.547 Thread 0x00000170594a6000 nmethod 5236 0x0000017042a78610 code [0x0000017042a787c0, 0x0000017042a78958]
Event: 7.550 Thread 0x00000170594a6000 5237       3       org.gradle.internal.instantiation.generator.AbstractClassGenerator$ClassGenerationHandler::hasFields (1 bytes)
Event: 7.550 Thread 0x00000170594a6000 nmethod 5237 0x0000017042a78a90 code [0x0000017042a78c40, 0x0000017042a78d38]
Event: 7.558 Thread 0x00000170594a6000 5243       3       com.google.common.collect.LinkedHashMultimap$ValueEntry::<init> (18 bytes)
Event: 7.558 Thread 0x00000170594a6000 nmethod 5243 0x0000017042a78e10 code [0x0000017042a78fe0, 0x0000017042a79318]
Event: 7.558 Thread 0x00000170594a6000 5244       3       com.google.common.collect.ImmutableEntry::<init> (15 bytes)
Event: 7.558 Thread 0x00000170594a6000 nmethod 5244 0x0000017042a79410 code [0x0000017042a795e0, 0x0000017042a79858]
Event: 7.561 Thread 0x00000170594a6000 5245       3       java.util.TreeMap$Values::iterator (19 bytes)
Event: 7.561 Thread 0x00000170594a6000 nmethod 5245 0x0000017042a79990 code [0x0000017042a79b80, 0x0000017042a7a098]
Event: 7.561 Thread 0x00000170594a6000 5246       3       java.util.TreeMap$ValueIterator::<init> (12 bytes)
Event: 7.562 Thread 0x00000170594a6000 nmethod 5246 0x0000017042a7a290 code [0x0000017042a7a460, 0x0000017042a7a778]
Event: 7.563 Thread 0x00000170594a6000 5247       1       java.util.zip.ZipEntry::getName (5 bytes)
Event: 7.563 Thread 0x00000170594a6000 nmethod 5247 0x0000017049869c10 code [0x0000017049869dc0, 0x0000017049869e78]
Event: 7.565 Thread 0x00000170594a6000 5248       3       org.objectweb.asm.SymbolTable::addConstantUtf8 (98 bytes)
Event: 7.566 Thread 0x00000170594a6000 nmethod 5248 0x0000017042a7a890 code [0x0000017042a7aae0, 0x0000017042a7b158]
Event: 7.567 Thread 0x00000170594a6000 5249       3       org.gradle.internal.classloader.FilteringClassLoader::classAllowed (80 bytes)
Event: 7.568 Thread 0x00000170594a6000 nmethod 5249 0x0000017042a7b510 code [0x0000017042a7b780, 0x0000017042a7c0b8]

GC Heap History (12 events):
Event: 0.679 GC heap before
{Heap before GC invocations=0 (full 0):
 garbage-first heap   total 258048K, used 29696K [0x0000000080000000, 0x0000000100000000)
  region size 1024K, 24 young (24576K), 0 survivors (0K)
 Metaspace       used 9818K, capacity 9986K, committed 10112K, reserved 1058816K
  class space    used 1021K, capacity 1102K, committed 1152K, reserved 1048576K
}
Event: 0.685 GC heap after
{Heap after GC invocations=1 (full 0):
 garbage-first heap   total 258048K, used 8955K [0x0000000080000000, 0x0000000100000000)
  region size 1024K, 3 young (3072K), 3 survivors (3072K)
 Metaspace       used 9818K, capacity 9986K, committed 10112K, reserved 1058816K
  class space    used 1021K, capacity 1102K, committed 1152K, reserved 1048576K
}
Event: 2.381 GC heap before
{Heap before GC invocations=1 (full 0):
 garbage-first heap   total 258048K, used 89851K [0x0000000080000000, 0x0000000100000000)
  region size 1024K, 82 young (83968K), 3 survivors (3072K)
 Metaspace       used 18810K, capacity 19225K, committed 19328K, reserved 1067008K
  class space    used 2257K, capacity 2403K, committed 2432K, reserved 1048576K
}
Event: 2.386 GC heap after
{Heap after GC invocations=2 (full 0):
 garbage-first heap   total 258048K, used 16313K [0x0000000080000000, 0x0000000100000000)
  region size 1024K, 11 young (11264K), 11 survivors (11264K)
 Metaspace       used 18810K, capacity 19225K, committed 19328K, reserved 1067008K
  class space    used 2257K, capacity 2403K, committed 2432K, reserved 1048576K
}
Event: 2.551 GC heap before
{Heap before GC invocations=2 (full 0):
 garbage-first heap   total 258048K, used 31673K [0x0000000080000000, 0x0000000100000000)
  region size 1024K, 27 young (27648K), 11 survivors (11264K)
 Metaspace       used 20611K, capacity 21118K, committed 21248K, reserved 1067008K
  class space    used 2517K, capacity 2720K, committed 2816K, reserved 1048576K
}
Event: 2.557 GC heap after
{Heap after GC invocations=3 (full 0):
 garbage-first heap   total 258048K, used 17636K [0x0000000080000000, 0x0000000100000000)
  region size 1024K, 1 young (1024K), 1 survivors (1024K)
 Metaspace       used 20611K, capacity 21118K, committed 21248K, reserved 1067008K
  class space    used 2517K, capacity 2720K, committed 2816K, reserved 1048576K
}
Event: 3.801 GC heap before
{Heap before GC invocations=4 (full 0):
 garbage-first heap   total 258048K, used 116964K [0x0000000080000000, 0x0000000100000000)
  region size 1024K, 99 young (101376K), 1 survivors (1024K)
 Metaspace       used 31354K, capacity 32130K, committed 32384K, reserved 1077248K
  class space    used 4157K, capacity 4439K, committed 4480K, reserved 1048576K
}
Event: 3.805 GC heap after
{Heap after GC invocations=5 (full 0):
 garbage-first heap   total 258048K, used 21125K [0x0000000080000000, 0x0000000100000000)
  region size 1024K, 5 young (5120K), 5 survivors (5120K)
 Metaspace       used 31354K, capacity 32130K, committed 32384K, reserved 1077248K
  class space    used 4157K, capacity 4439K, committed 4480K, reserved 1048576K
}
Event: 4.091 GC heap before
{Heap before GC invocations=5 (full 0):
 garbage-first heap   total 258048K, used 31365K [0x0000000080000000, 0x0000000100000000)
  region size 1024K, 16 young (16384K), 5 survivors (5120K)
 Metaspace       used 34985K, capacity 35830K, committed 35840K, reserved 1081344K
  class space    used 4533K, capacity 4864K, committed 4864K, reserved 1048576K
}
Event: 4.100 GC heap after
{Heap after GC invocations=6 (full 0):
 garbage-first heap   total 258048K, used 22779K [0x0000000080000000, 0x0000000100000000)
  region size 1024K, 6 young (6144K), 6 survivors (6144K)
 Metaspace       used 34985K, capacity 35830K, committed 35840K, reserved 1081344K
  class space    used 4533K, capacity 4864K, committed 4864K, reserved 1048576K
}
Event: 6.039 GC heap before
{Heap before GC invocations=7 (full 0):
 garbage-first heap   total 258048K, used 158971K [0x0000000080000000, 0x0000000100000000)
  region size 1024K, 136 young (139264K), 6 survivors (6144K)
 Metaspace       used 45666K, capacity 46883K, committed 47104K, reserved 1089536K
  class space    used 5872K, capacity 6300K, committed 6400K, reserved 1048576K
}
Event: 6.086 GC heap after
{Heap after GC invocations=8 (full 0):
 garbage-first heap   total 258048K, used 30463K [0x0000000080000000, 0x0000000100000000)
  region size 1024K, 14 young (14336K), 14 survivors (14336K)
 Metaspace       used 45666K, capacity 46883K, committed 47104K, reserved 1089536K
  class space    used 5872K, capacity 6300K, committed 6400K, reserved 1048576K
}

Deoptimization events (20 events):
Event: 7.413 Thread 0x000001705c606800 Uncommon trap: trap_request=0xffffff4d fr.pc=0x00000170495c0cb8 relative=0x0000000000000558
Event: 7.413 Thread 0x000001705c606800 Uncommon trap: reason=unstable_if action=reinterpret pc=0x00000170495c0cb8 method=java.util.jar.Manifest$FastInputStream.readLine([BII)I @ 130 c2
Event: 7.413 Thread 0x000001705c606800 DEOPT PACKING pc=0x00000170495c0cb8 sp=0x0000001c637f8430
Event: 7.413 Thread 0x000001705c606800 DEOPT UNPACKING pc=0x0000017041aa83af sp=0x0000001c637f83c0 mode 2
Event: 7.539 Thread 0x000001705c606800 Uncommon trap: trap_request=0xffffff4d fr.pc=0x00000170496fbcc4 relative=0x0000000000000744
Event: 7.540 Thread 0x000001705c606800 Uncommon trap: reason=unstable_if action=reinterpret pc=0x00000170496fbcc4 method=java.io.BufferedInputStream.read([BII)I @ 56 c2
Event: 7.540 Thread 0x000001705c606800 DEOPT PACKING pc=0x00000170496fbcc4 sp=0x0000001c637f78e0
Event: 7.540 Thread 0x000001705c606800 DEOPT UNPACKING pc=0x0000017041aa83af sp=0x0000001c637f7898 mode 2
Event: 7.542 Thread 0x000001705c606800 Uncommon trap: trap_request=0xffffff4d fr.pc=0x0000017049658af4 relative=0x0000000000000054
Event: 7.542 Thread 0x000001705c606800 Uncommon trap: reason=unstable_if action=reinterpret pc=0x0000017049658af4 method=java.util.regex.Pattern.has(I)Z @ 6 c2
Event: 7.542 Thread 0x000001705c606800 DEOPT PACKING pc=0x0000017049658af4 sp=0x0000001c637f6880
Event: 7.542 Thread 0x000001705c606800 DEOPT UNPACKING pc=0x0000017041aa83af sp=0x0000001c637f6810 mode 2
Event: 7.565 Thread 0x000001705c606800 Uncommon trap: trap_request=0xffffff45 fr.pc=0x000001704975f3a4 relative=0x0000000000000d64
Event: 7.565 Thread 0x000001705c606800 Uncommon trap: reason=unstable_fused_if action=reinterpret pc=0x000001704975f3a4 method=org.objectweb.asm.ByteVector.putUTF8(Ljava/lang/String;)Lorg/objectweb/asm/ByteVector; @ 93 c2
Event: 7.565 Thread 0x000001705c606800 DEOPT PACKING pc=0x000001704975f3a4 sp=0x0000001c637f8330
Event: 7.565 Thread 0x000001705c606800 DEOPT UNPACKING pc=0x0000017041aa83af sp=0x0000001c637f8288 mode 2
Event: 7.566 Thread 0x000001705c606800 Uncommon trap: trap_request=0xffffff4d fr.pc=0x0000017049758308 relative=0x0000000000005c48
Event: 7.566 Thread 0x000001705c606800 Uncommon trap: reason=unstable_if action=reinterpret pc=0x0000017049758308 method=org.objectweb.asm.Frame.execute(IILorg/objectweb/asm/Symbol;Lorg/objectweb/asm/SymbolTable;)V @ 1 c2
Event: 7.566 Thread 0x000001705c606800 DEOPT PACKING pc=0x0000017049758308 sp=0x0000001c637f8520
Event: 7.566 Thread 0x000001705c606800 DEOPT UNPACKING pc=0x0000017041aa83af sp=0x0000001c637f84c8 mode 2

Classes redefined (0 events):
No events

Internal exceptions (20 events):
Event: 7.272 Thread 0x000001705c606800 Exception <a 'java/lang/ClassNotFoundException'{0x000000008cef84e0}: org/gradle/api/tasks/DeleteCustomizer> (0x000000008cef84e0) thrown at [./src/hotspot/share/classfile/systemDictionary.cpp, line 231]
Event: 7.293 Thread 0x000001705c606800 Exception <a 'java/lang/ClassNotFoundException'{0x000000008cd36e90}: org/gradle/api/tasks/Delete_DecoratedCustomizer> (0x000000008cd36e90) thrown at [./src/hotspot/share/classfile/systemDictionary.cpp, line 231]
Event: 7.353 Thread 0x000001705c606800 Exception <a 'java/lang/NoSuchMethodError'{0x000000008cc48c18}: 'long java.lang.invoke.DirectMethodHandle$Holder.invokeVirtual(java.lang.Object, java.lang.Object)'> (0x000000008cc48c18) thrown at [./src/hotspot/share/interpreter/linkResolver.cpp, line 773]
Event: 7.358 Thread 0x000001705b883000 Exception <a 'java/lang/NoSuchMethodError'{0x000000008fb88fa8}: <clinit>> (0x000000008fb88fa8) thrown at [./src/hotspot/share/prims/jni.cpp, line 1362]
Event: 7.361 Thread 0x000001705b883000 Exception <a 'java/lang/NoSuchMethodError'{0x000000008fba8650}: <clinit>> (0x000000008fba8650) thrown at [./src/hotspot/share/prims/jni.cpp, line 1362]
Event: 7.361 Thread 0x000001705b883000 Exception <a 'java/lang/NoSuchMethodError'{0x000000008fba9760}: <clinit>> (0x000000008fba9760) thrown at [./src/hotspot/share/prims/jni.cpp, line 1362]
Event: 7.361 Thread 0x000001705b883000 Exception <a 'java/lang/NoSuchMethodError'{0x000000008fbaaa68}: <clinit>> (0x000000008fbaaa68) thrown at [./src/hotspot/share/prims/jni.cpp, line 1362]
Event: 7.361 Thread 0x000001705b883000 Exception <a 'java/lang/NoSuchMethodError'{0x000000008fbaba88}: <clinit>> (0x000000008fbaba88) thrown at [./src/hotspot/share/prims/jni.cpp, line 1362]
Event: 7.362 Thread 0x000001705b883000 Exception <a 'java/lang/NoSuchMethodError'{0x000000008cc86d80}: <clinit>> (0x000000008cc86d80) thrown at [./src/hotspot/share/prims/jni.cpp, line 1362]
Event: 7.363 Thread 0x000001705b883000 Exception <a 'java/lang/NoSuchMethodError'{0x000000008cc90f98}: <clinit>> (0x000000008cc90f98) thrown at [./src/hotspot/share/prims/jni.cpp, line 1362]
Event: 7.366 Thread 0x000001705b883000 Exception <a 'java/lang/NoSuchMethodError'{0x000000008cca4808}: <clinit>> (0x000000008cca4808) thrown at [./src/hotspot/share/prims/jni.cpp, line 1362]
Event: 7.392 Thread 0x000001705c606800 Exception <a 'java/lang/ClassNotFoundException'{0x000000008cb7a0d8}: build_cxl6glfocj09rd1fr77x2mq1aBeanInfo> (0x000000008cb7a0d8) thrown at [./src/hotspot/share/classfile/systemDictionary.cpp, line 231]
Event: 7.392 Thread 0x000001705c606800 Exception <a 'java/lang/ClassNotFoundException'{0x000000008cb85270}: build_cxl6glfocj09rd1fr77x2mq1aCustomizer> (0x000000008cb85270) thrown at [./src/hotspot/share/classfile/systemDictionary.cpp, line 231]
Event: 7.399 Thread 0x000001705c606800 Exception <a 'java/lang/ClassNotFoundException'{0x000000008ca058e8}: org/gradle/plugin/use/internal/PluginRequestCollector$PluginDependenciesSpecImplBeanInfo> (0x000000008ca058e8) thrown at [./src/hotspot/share/classfile/systemDictionary.cpp, line 231]
Event: 7.399 Thread 0x000001705c606800 Exception <a 'java/lang/ClassNotFoundException'{0x000000008ca33798}: org/gradle/plugin/use/internal/PluginRequestCollector$PluginDependenciesSpecImplCustomizer> (0x000000008ca33798) thrown at [./src/hotspot/share/classfile/systemDictionary.cpp, line 231]
Event: 7.428 Thread 0x000001705c606800 Exception <a 'java/lang/ClassNotFoundException'{0x000000008c8fc808}: org/gradle/api/internal/plugins/DefaultObjectConfigurationActionBeanInfo> (0x000000008c8fc808) thrown at [./src/hotspot/share/classfile/systemDictionary.cpp, line 231]
Event: 7.429 Thread 0x000001705c606800 Exception <a 'java/lang/ClassNotFoundException'{0x000000008c730240}: org/gradle/api/internal/plugins/DefaultObjectConfigurationActionCustomizer> (0x000000008c730240) thrown at [./src/hotspot/share/classfile/systemDictionary.cpp, line 231]
Event: 7.556 Thread 0x000001705c606800 Exception <a 'java/lang/NoSuchMethodError'{0x000000008bd07c00}: 'java.lang.Object java.lang.invoke.DirectMethodHandle$Holder.invokeStatic(java.lang.Object, java.lang.Object, java.lang.Object, java.lang.Object, int)'> (0x000000008bd07c00) thrown at [./src/hotspot/share/interpreter/linkResolver.cpp, line 773]
Event: 7.556 Thread 0x000001705c606800 Exception <a 'java/lang/NoSuchMethodError'{0x000000008bd0c5f8}: 'java.lang.Object java.lang.invoke.DirectMethodHandle$Holder.invokeSpecial(java.lang.Object, java.lang.Object, java.lang.Object, java.lang.Object, java.lang.Object, int)'> (0x000000008bd0c5f8) thrown at [./src/hotspot/share/interpreter/linkResolver.cpp, line 773]
Event: 7.556 Thread 0x000001705c606800 Exception <a 'java/lang/NoSuchMethodError'{0x000000008bd10c38}: 'java.lang.Object java.lang.invoke.Invokers$Holder.linkToTargetMethod(java.lang.Object, java.lang.Object, java.lang.Object, int, java.lang.Object)'> (0x000000008bd10c38) thrown at [./src/hotspot/share/interpreter/linkResolver.cpp, line 773]

Events (20 events):
Event: 7.572 loading class kotlin/text/StringsKt__StringsKt
Event: 7.572 loading class kotlin/text/StringsKt__StringsKt done
Event: 7.573 loading class kotlin/text/StringsKt__StringsJVMKt
Event: 7.573 loading class kotlin/text/StringsKt__StringsJVMKt done
Event: 7.574 loading class kotlin/text/StringsKt__StringNumberConversionsKt
Event: 7.574 loading class kotlin/text/StringsKt__StringNumberConversionsKt done
Event: 7.574 loading class kotlin/text/StringsKt__StringNumberConversionsJVMKt
Event: 7.574 loading class kotlin/text/StringsKt__StringNumberConversionsJVMKt done
Event: 7.575 loading class kotlin/text/StringsKt__StringBuilderKt
Event: 7.575 loading class kotlin/text/StringsKt__StringBuilderKt done
Event: 7.575 loading class kotlin/text/StringsKt__StringBuilderJVMKt
Event: 7.575 loading class kotlin/text/StringsKt__StringBuilderJVMKt done
Event: 7.575 loading class kotlin/text/StringsKt__RegexExtensionsKt
Event: 7.575 loading class kotlin/text/StringsKt__RegexExtensionsKt done
Event: 7.576 loading class kotlin/text/StringsKt__RegexExtensionsJVMKt
Event: 7.576 loading class kotlin/text/StringsKt__RegexExtensionsJVMKt done
Event: 7.576 loading class kotlin/text/StringsKt__IndentKt
Event: 7.576 loading class kotlin/text/StringsKt__IndentKt done
Event: 7.576 loading class kotlin/text/StringsKt__AppendableKt
Event: 7.576 loading class kotlin/text/StringsKt__AppendableKt done


Dynamic libraries:
0x00007ff7e6980000 - 0x00007ff7e698a000 	C:\Program Files\Android\Android Studio\jre\bin\java.exe
0x00007fff8ae70000 - 0x00007fff8b065000 	C:\Windows\SYSTEM32\ntdll.dll
0x00007fff8a190000 - 0x00007fff8a24e000 	C:\Windows\System32\KERNEL32.DLL
0x00007fff88830000 - 0x00007fff88af8000 	C:\Windows\System32\KERNELBASE.dll
0x00007fff88730000 - 0x00007fff88830000 	C:\Windows\System32\ucrtbase.dll
0x00007fff523e0000 - 0x00007fff523f7000 	C:\Program Files\Android\Android Studio\jre\bin\VCRUNTIME140.dll
0x00007fff56bc0000 - 0x00007fff56bd9000 	C:\Program Files\Android\Android Studio\jre\bin\jli.dll
0x00007fff88fe0000 - 0x00007fff89181000 	C:\Windows\System32\USER32.dll
0x00007fff6ba70000 - 0x00007fff6bd0a000 	C:\Windows\WinSxS\amd64_microsoft.windows.common-controls_6595b64144ccf1df_6.0.19041.1110_none_60b5254171f9507e\COMCTL32.dll
0x00007fff88630000 - 0x00007fff88652000 	C:\Windows\System32\win32u.dll
0x00007fff892c0000 - 0x00007fff8935e000 	C:\Windows\System32\msvcrt.dll
0x00007fff8a250000 - 0x00007fff8a27b000 	C:\Windows\System32\GDI32.dll
0x00007fff88da0000 - 0x00007fff88ead000 	C:\Windows\System32\gdi32full.dll
0x00007fff88660000 - 0x00007fff886fd000 	C:\Windows\System32\msvcp_win.dll
0x00007fff8a530000 - 0x00007fff8a560000 	C:\Windows\System32\IMM32.DLL
0x00007fff20ab0000 - 0x00007fff20b4d000 	C:\Program Files\Android\Android Studio\jre\bin\msvcp140.dll
0x00007fff23530000 - 0x00007fff23fff000 	C:\Program Files\Android\Android Studio\jre\bin\server\jvm.dll
0x00007fff8a8a0000 - 0x00007fff8a94e000 	C:\Windows\System32\ADVAPI32.dll
0x00007fff89860000 - 0x00007fff898fc000 	C:\Windows\System32\sechost.dll
0x00007fff89190000 - 0x00007fff892b5000 	C:\Windows\System32\RPCRT4.dll
0x00007fff8a510000 - 0x00007fff8a518000 	C:\Windows\System32\PSAPI.DLL
0x00007fff70200000 - 0x00007fff70227000 	C:\Windows\SYSTEM32\WINMM.dll
0x00007fff84bc0000 - 0x00007fff84bc9000 	C:\Windows\SYSTEM32\WSOCK32.dll
0x00007fff7b890000 - 0x00007fff7b89a000 	C:\Windows\SYSTEM32\VERSION.dll
0x00007fff8a070000 - 0x00007fff8a0db000 	C:\Windows\System32\WS2_32.dll
0x00007fff86e00000 - 0x00007fff86e12000 	C:\Windows\SYSTEM32\kernel.appcore.dll
0x00007fff84ba0000 - 0x00007fff84bb1000 	C:\Program Files\Android\Android Studio\jre\bin\verify.dll
0x00007fff86000000 - 0x00007fff861e4000 	C:\Windows\SYSTEM32\DBGHELP.DLL
0x00007fff70150000 - 0x00007fff7017c000 	C:\Windows\SYSTEM32\dbgcore.DLL
0x00007fff88d10000 - 0x00007fff88d92000 	C:\Windows\System32\bcryptPrimitives.dll
0x00007fff7cab0000 - 0x00007fff7cad9000 	C:\Program Files\Android\Android Studio\jre\bin\java.dll
0x00007fff80170000 - 0x00007fff8017b000 	C:\Program Files\Android\Android Studio\jre\bin\jimage.dll
0x00007fff6e700000 - 0x00007fff6e718000 	C:\Program Files\Android\Android Studio\jre\bin\zip.dll
0x00007fff89900000 - 0x00007fff8a044000 	C:\Windows\System32\SHELL32.dll
0x00007fff86650000 - 0x00007fff86de5000 	C:\Windows\SYSTEM32\windows.storage.dll
0x00007fff89500000 - 0x00007fff89855000 	C:\Windows\System32\combase.dll
0x00007fff87fd0000 - 0x00007fff87ffe000 	C:\Windows\SYSTEM32\Wldp.dll
0x00007fff88f30000 - 0x00007fff88fdd000 	C:\Windows\System32\SHCORE.dll
0x00007fff8a630000 - 0x00007fff8a685000 	C:\Windows\System32\shlwapi.dll
0x00007fff884c0000 - 0x00007fff884df000 	C:\Windows\SYSTEM32\profapi.dll
0x00007fff6e4b0000 - 0x00007fff6e4ca000 	C:\Program Files\Android\Android Studio\jre\bin\net.dll
0x00007fff7fbc0000 - 0x00007fff7fccc000 	C:\Windows\SYSTEM32\WINHTTP.dll
0x00007fff87d30000 - 0x00007fff87d9a000 	C:\Windows\system32\mswsock.dll
0x00007fff6e3e0000 - 0x00007fff6e3f4000 	C:\Program Files\Android\Android Studio\jre\bin\nio.dll
0x00007fff6e480000 - 0x00007fff6e4a7000 	C:\Users\Admin\.gradle\native\8bec1ad78214c89d9ad589b4d07fe93259594b29d510b10fafb7a158f7737e5d\windows-amd64\native-platform.dll
0x00007fff654a0000 - 0x00007fff655dd000 	C:\Users\Admin\.gradle\native\53dbd7edfb1c66fb8903c78663c9afc45aea4f116125fa6feffd364cf09443e8\windows-amd64\native-platform-file-events.dll
0x00007fff7caa0000 - 0x00007fff7caaa000 	C:\Program Files\Android\Android Studio\jre\bin\management.dll
0x00007fff6e3d0000 - 0x00007fff6e3dc000 	C:\Program Files\Android\Android Studio\jre\bin\management_ext.dll
0x00007fff87f20000 - 0x00007fff87f38000 	C:\Windows\SYSTEM32\CRYPTSP.dll
0x00007fff87640000 - 0x00007fff87674000 	C:\Windows\system32\rsaenh.dll
0x00007fff88700000 - 0x00007fff88727000 	C:\Windows\System32\bcrypt.dll
0x00007fff88480000 - 0x00007fff884ae000 	C:\Windows\SYSTEM32\USERENV.dll
0x00007fff87f40000 - 0x00007fff87f4c000 	C:\Windows\SYSTEM32\CRYPTBASE.dll
0x00007fff879d0000 - 0x00007fff87a0b000 	C:\Windows\SYSTEM32\IPHLPAPI.DLL
0x00007fff8a520000 - 0x00007fff8a528000 	C:\Windows\System32\NSI.dll
0x00007fff7bf50000 - 0x00007fff7bf67000 	C:\Windows\SYSTEM32\dhcpcsvc6.DLL
0x00007fff7bf30000 - 0x00007fff7bf4d000 	C:\Windows\SYSTEM32\dhcpcsvc.DLL
0x00007fff87a60000 - 0x00007fff87b2b000 	C:\Windows\SYSTEM32\DNSAPI.dll

dbghelp: loaded successfully - version: 4.0.5 - missing functions: none
symbol engine: initialized successfully - sym options: 0x614 - pdb path: .;C:\Program Files\Android\Android Studio\jre\bin;C:\Windows\SYSTEM32;C:\Windows\WinSxS\amd64_microsoft.windows.common-controls_6595b64144ccf1df_6.0.19041.1110_none_60b5254171f9507e;C:\Program Files\Android\Android Studio\jre\bin\server;C:\Users\Admin\.gradle\native\8bec1ad78214c89d9ad589b4d07fe93259594b29d510b10fafb7a158f7737e5d\windows-amd64;C:\Users\Admin\.gradle\native\53dbd7edfb1c66fb8903c78663c9afc45aea4f116125fa6feffd364cf09443e8\windows-amd64

VM Arguments:
jvm_args: --add-opens=java.base/java.util=ALL-UNNAMED --add-opens=java.base/java.lang=ALL-UNNAMED --add-opens=java.base/java.lang.invoke=ALL-UNNAMED --add-opens=java.base/java.util=ALL-UNNAMED --add-opens=java.prefs/java.util.prefs=ALL-UNNAMED --add-opens=java.prefs/java.util.prefs=ALL-UNNAMED --add-opens=java.base/java.nio.charset=ALL-UNNAMED --add-opens=java.base/java.net=ALL-UNNAMED --add-opens=java.base/java.util.concurrent.atomic=ALL-UNNAMED -Xmx2048m -Dfile.encoding=UTF-8 -Duser.country=US -Duser.language=en -Duser.variant 
java_command: org.gradle.launcher.daemon.bootstrap.GradleDaemon 7.0.2
java_class_path (initial): C:\Users\Admin\.gradle\wrapper\dists\gradle-7.0.2-bin\857tjihv64xamwrf0h14cai3r\gradle-7.0.2\lib\gradle-launcher-7.0.2.jar
Launcher Type: SUN_STANDARD

[Global flags]
     intx CICompilerCount                          = 4                                         {product} {ergonomic}
     uint ConcGCThreads                            = 2                                         {product} {ergonomic}
     uint G1ConcRefinementThreads                  = 8                                         {product} {ergonomic}
   size_t G1HeapRegionSize                         = 1048576                                   {product} {ergonomic}
    uintx GCDrainStackTargetSize                   = 64                                        {product} {ergonomic}
   size_t InitialHeapSize                          = 264241152                                 {product} {ergonomic}
   size_t MarkStackSize                            = 4194304                                   {product} {ergonomic}
   size_t MaxHeapSize                              = 2147483648                                {product} {command line}
   size_t MaxNewSize                               = 1287651328                                {product} {ergonomic}
   size_t MinHeapDeltaBytes                        = 1048576                                   {product} {ergonomic}
    uintx NonNMethodCodeHeapSize                   = 5836300                                {pd product} {ergonomic}
    uintx NonProfiledCodeHeapSize                  = 122910970                              {pd product} {ergonomic}
    uintx ProfiledCodeHeapSize                     = 122910970                              {pd product} {ergonomic}
    uintx ReservedCodeCacheSize                    = 251658240                              {pd product} {ergonomic}
     bool SegmentedCodeCache                       = true                                      {product} {ergonomic}
     bool UseCompressedClassPointers               = true                                 {lp64_product} {ergonomic}
     bool UseCompressedOops                        = true                                 {lp64_product} {ergonomic}
     bool UseG1GC                                  = true                                      {product} {ergonomic}
     bool UseLargePagesIndividualAllocation        = false                                  {pd product} {ergonomic}

Logging:
Log output configuration:
 #0: stdout all=warning uptime,level,tags
 #1: stderr all=off uptime,level,tags

Environment Variables:
PATH=C:\Users\Admin\AppData\Local\Programs\Python\Python310\Scripts\;C:\Users\Admin\AppData\Local\Programs\Python\Python310\;C:\Windows\system32;C:\Windows;C:\Windows\System32\Wbem;C:\Windows\System32\WindowsPowerShell\v1.0\;C:\Windows\System32\OpenSSH\;C:\Program Files\Git\cmd;C:\ProgramData\chocolatey\bin;C:\Program Files\nodejs\;C:\Users\Admin\AppData\Local\Microsoft\WindowsApps;C:\Users\Admin\AppData\Local\GitHubDesktop\bin;C:\Users\Admin\AppData\Local\Programs\Microsoft VS Code\bin;C:\Users\Admin\AppData\Roaming\npm
USERNAME=Admin
OS=Windows_NT
PROCESSOR_IDENTIFIER=Intel64 Family 6 Model 140 Stepping 1, GenuineIntel



---------------  S Y S T E M  ---------------

OS: Windows 10 , 64 bit Build 19041 (10.0.19041.1466)
OS uptime: 0 days 12:45 hours

CPU:total 8 (initial active 8) (4 cores per cpu, 2 threads per core) family 6 model 140 stepping 1 microcode 0x86, cmov, cx8, fxsr, mmx, sse, sse2, sse3, ssse3, sse4.1, sse4.2, popcnt, avx, avx2, aes, clmul, erms, 3dnowpref, lzcnt, ht, tsc, tscinvbit, bmi1, bmi2, adx, evex, sha, fma

Memory: 4k page, system-wide physical 16106M (733M free)
TotalPageFile size 49367M (AvailPageFile size 3M)
current process WorkingSet (physical memory assigned to process): 364M, peak: 364M
current process commit charge ("private bytes"): 483M, peak: 484M

vm_info: OpenJDK 64-Bit Server VM (11.0.10+0-b96-7249189) for windows-amd64 JRE (11.0.10+0-b96-7249189), built on Mar 31 2021 21:44:00 by "builder" with MS VC++ 14.0 (VS2015)

END.
